<?xml version="1.0" encoding="UTF-8"?>
<!-- Generated by org.testng.reporters.JUnitReportReporter -->
<testsuite hostname="DESKTOP-BQJ0HP0" failures="0" tests="2" name="comcast_creatContactTest.CrtConTest" time="0.088" errors="0" timestamp="25 Jan 2022 08:17:53 GMT" skipped="0">
  <testcase classname="comcast_creatContactTest.CrtConTest" name="contactTest" time="0.064"/>
  <testcase classname="comcast_creatContactTest.CrtConTest" name="modifyTest" time="0.024"/>
</testsuite> <!-- comcast_creatContactTest.CrtConTest -->
