<?xml version="1.0" encoding="UTF-8"?>
<!-- Generated by org.testng.reporters.JUnitReportReporter -->
<testsuite hostname="DESKTOP-BQJ0HP0" failures="0" tests="2" name="comcast_creatContactTest.CrtConTest" time="0.063" errors="0" timestamp="01 Feb 2022 16:22:21 GMT" skipped="0">
  <testcase classname="comcast_creatContactTest.CrtConTest" name="modifyContactTest" time="0.006"/>
  <testcase classname="comcast_creatContactTest.CrtConTest" name="crtContactTest" time="0.057"/>
</testsuite> <!-- comcast_creatContactTest.CrtConTest -->
